<?xml version="1.0" encoding="UTF-8"?>
<!-- Generated by org.testng.reporters.JUnitReportReporter -->
<testsuite hostname="DESKTOP-JO3HRJJ" failures="0" tests="1" name="testpkg.Demo" time="9.140" errors="0" timestamp="2023-11-29T12:16:43 IST" skipped="0">
  <testcase classname="testpkg.Demo" name="test" time="9.140"/>
  <system-out/>
</testsuite> <!-- testpkg.Demo -->
