<?xml version="1.0" encoding="UTF-8"?>
<!-- Generated by org.testng.reporters.JUnitReportReporter -->
<testsuite hostname="DESKTOP-JO3HRJJ" failures="0" tests="2" name="testpkg.Automationtest" time="142.417" errors="0" timestamp="2023-11-29T16:03:22 IST" skipped="0">
  <testcase classname="testpkg.Automationtest" name="Automationsignup" time="94.286"/>
  <system-out/>
  <testcase classname="testpkg.Automationtest" name="Automationlogin" time="48.131"/>
  <system-out/>
</testsuite> <!-- testpkg.Automationtest -->
