<?xml version="1.0" encoding="UTF-8"?>
<!-- Generated by org.testng.reporters.JUnitReportReporter -->
<testsuite hostname="DESKTOP-JO3HRJJ" failures="0" tests="1" name="testpkg.Datepicker" time="2.764" errors="0" timestamp="2023-11-30T12:37:53 IST" skipped="0">
  <testcase classname="testpkg.Datepicker" name="datepickertest" time="2.764"/>
  <system-out/>
</testsuite> <!-- testpkg.Datepicker -->
